#
# There is insufficient memory for the Java Runtime Environment to continue.
# Native memory allocation (mmap) failed to map 130023424 bytes for G1 virtual space
# Possible reasons:
#   The system is out of physical RAM or swap space
#   The process is running with CompressedOops enabled, and the Java Heap may be blocking the growth of the native heap
# Possible solutions:
#   Reduce memory load on the system
#   Increase physical memory or swap space
#   Check if swap backing store is full
#   Decrease Java heap size (-Xmx/-Xms)
#   Decrease number of Java threads
#   Decrease Java thread stack sizes (-Xss)
#   Set larger code cache with -XX:ReservedCodeCacheSize=
#   JVM is running with Unscaled Compressed Oops mode in which the Java heap is
#     placed in the first 4GB address space. The Java Heap base address is the
#     maximum limit for the native heap growth. Please use -XX:HeapBaseMinAddress
#     to set the Java Heap base and to place the Java Heap above 4GB virtual address.
# This output file may be truncated or incomplete.
#
#  Out of Memory Error (os_windows.cpp:3548), pid=10544, tid=5960
#
# JRE version:  (17.0.11+7) (build )
# Java VM: Java HotSpot(TM) 64-Bit Server VM (17.0.11+7-LTS-207, mixed mode, sharing, tiered, compressed oops, compressed class ptrs, g1 gc, windows-amd64)
# No core dump will be written. Minidumps are not enabled by default on client versions of Windows
#

---------------  S U M M A R Y ------------

Command Line: -Dfile.encoding=UTF-8 --module-path=C:\Users\mayar\Documents\NetBeansProjects\PsicologiaGestor\build\classes Main

Host: Intel(R) Core(TM) i3-N305, 8 cores, 7G,  Windows 11 , 64 bit Build 26100 (10.0.26100.3037)
Time: Mon Mar 24 17:49:29 2025 Hora oficial do Brasil elapsed time: 1.110469 seconds (0d 0h 0m 1s)

---------------  T H R E A D  ---------------

Current thread (0x0000027b9903b6c0):  JavaThread "Unknown thread" [_thread_in_vm, id=5960, stack(0x000000a4ffe00000,0x000000a4fff00000)]

Stack: [0x000000a4ffe00000,0x000000a4fff00000]
Native frames: (J=compiled Java code, j=interpreted, Vv=VM code, C=native code)
V  [jvm.dll+0x679cca]
V  [jvm.dll+0x7da13d]
V  [jvm.dll+0x7dba83]
V  [jvm.dll+0x7dc0f3]
V  [jvm.dll+0x2449af]
V  [jvm.dll+0x676ce9]
V  [jvm.dll+0x66b852]
V  [jvm.dll+0x3018d6]
V  [jvm.dll+0x308e76]
V  [jvm.dll+0x3596ee]
V  [jvm.dll+0x35991f]
V  [jvm.dll+0x2d89a8]
V  [jvm.dll+0x2d9914]
V  [jvm.dll+0x7ac6b1]
V  [jvm.dll+0x366f61]
V  [jvm.dll+0x78b609]
V  [jvm.dll+0x3ec22f]
V  [jvm.dll+0x3ede61]
C  [jli.dll+0x5297]
C  [ucrtbase.dll+0x37b0]
C  [KERNEL32.DLL+0x2e8d7]
C  [ntdll.dll+0xbbf2c]


---------------  P R O C E S S  ---------------

Threads class SMR info:
_java_thread_list=0x00007fffc54a7a18, length=0, elements={
}

Java Threads: ( => current thread )

Other Threads:
  0x0000027b99095f60 GCTaskThread "GC Thread#0" [stack: 0x000000a4fff00000,0x000000a500000000] [id=4892]
  0x0000027b990a7180 ConcurrentGCThread "G1 Main Marker" [stack: 0x000000a480000000,0x000000a480100000] [id=5728]
  0x0000027b990a7b90 ConcurrentGCThread "G1 Conc#0" [stack: 0x000000a480100000,0x000000a480200000] [id=9768]

[error occurred during error reporting (printing all threads), id 0xc0000005, EXCEPTION_ACCESS_VIOLATION (0xc0000005) at pc=0x00007fffc4cd9497]

VM state: not at safepoint (not fully initialized)

VM Mutex/Monitor currently owned by a thread:  ([mutex/lock_event])
[0x0000027b99038ce0] Heap_lock - owner thread: 0x0000027b9903b6c0

Heap address: 0x0000000085000000, size: 1968 MB, Compressed Oops mode: 32-bit

CDS archive(s) mapped at: [0x0000000000000000-0x0000000000000000-0x0000000000000000), size 0, SharedBaseAddress: 0x0000000800000000, ArchiveRelocationMode: 1.
Narrow klass base: 0x0000000000000000, Narrow klass shift: 0, Narrow klass range: 0x0

GC Precious Log:
<Empty>

Heap:
 garbage-first heap   total 0K, used 0K [0x0000000085000000, 0x0000000100000000)
  region size 1024K, 0 young (0K), 0 survivors (0K)

[error occurred during error reporting (printing heap information), id 0xc0000005, EXCEPTION_ACCESS_VIOLATION (0xc0000005) at pc=0x00007fffc50c3559]

GC Heap History (0 events):
No events

Deoptimization events (0 events):
No events

Classes unloaded (0 events):
No events

Classes redefined (0 events):
No events

Internal exceptions (0 events):
No events

VM Operations (0 events):
No events

Events (1 events):
Event: 0.013 Loaded shared library C:\Program Files\Java\jdk-17\bin\java.dll


Dynamic libraries:
0x00007ff6b6130000 - 0x00007ff6b6140000 	C:\Program Files\Java\jdk-17\bin\java.exe
0x00007ff826d60000 - 0x00007ff826fc3000 	C:\WINDOWS\SYSTEM32\ntdll.dll
0x00007ff825bb0000 - 0x00007ff825c77000 	C:\WINDOWS\System32\KERNEL32.DLL
0x00007ff8247d0000 - 0x00007ff824b97000 	C:\WINDOWS\System32\KERNELBASE.dll
0x00007ff824400000 - 0x00007ff82454c000 	C:\WINDOWS\System32\ucrtbase.dll
0x00007ff81c350000 - 0x00007ff81c36b000 	C:\Program Files\Java\jdk-17\bin\VCRUNTIME140.dll
0x00007ff81d500000 - 0x00007ff81d519000 	C:\Program Files\Java\jdk-17\bin\jli.dll
0x00007ff825960000 - 0x00007ff825a14000 	C:\WINDOWS\System32\ADVAPI32.dll
0x00007ff826980000 - 0x00007ff826a29000 	C:\WINDOWS\System32\msvcrt.dll
0x00007ff825a20000 - 0x00007ff825ac6000 	C:\WINDOWS\System32\sechost.dll
0x00007ff826860000 - 0x00007ff826976000 	C:\WINDOWS\System32\RPCRT4.dll
0x00007ff825d40000 - 0x00007ff825f09000 	C:\WINDOWS\System32\USER32.dll
0x00007ff800150000 - 0x00007ff8003e0000 	C:\WINDOWS\WinSxS\amd64_microsoft.windows.common-controls_6595b64144ccf1df_6.0.26100.3037_none_3e09262ce333c378\COMCTL32.dll
0x00007ff8266d0000 - 0x00007ff8266fa000 	C:\WINDOWS\System32\GDI32.dll
0x00007ff824250000 - 0x00007ff824277000 	C:\WINDOWS\System32\win32u.dll
0x00007ff824610000 - 0x00007ff82473b000 	C:\WINDOWS\System32\gdi32full.dll
0x00007ff824100000 - 0x00007ff8241a3000 	C:\WINDOWS\System32\msvcp_win.dll
0x00007ff80b550000 - 0x00007ff80b55b000 	C:\WINDOWS\SYSTEM32\VERSION.dll
0x00007ff824ba0000 - 0x00007ff824bcf000 	C:\WINDOWS\System32\IMM32.DLL
0x00007ff820570000 - 0x00007ff82057c000 	C:\Program Files\Java\jdk-17\bin\vcruntime140_1.dll
0x00007ff80a8d0000 - 0x00007ff80a95e000 	C:\Program Files\Java\jdk-17\bin\msvcp140.dll
0x00007fffc49f0000 - 0x00007fffc55d0000 	C:\Program Files\Java\jdk-17\bin\server\jvm.dll
0x00007ff826c20000 - 0x00007ff826c28000 	C:\WINDOWS\System32\PSAPI.DLL
0x00007ff820940000 - 0x00007ff82094a000 	C:\WINDOWS\SYSTEM32\WSOCK32.dll
0x00007ff826700000 - 0x00007ff826774000 	C:\WINDOWS\System32\WS2_32.dll
0x00007ff81b8b0000 - 0x00007ff81b8e6000 	C:\WINDOWS\SYSTEM32\WINMM.dll
0x00007ff822f30000 - 0x00007ff822f4a000 	C:\WINDOWS\SYSTEM32\kernel.appcore.dll
0x00007ff8204d0000 - 0x00007ff8204da000 	C:\Program Files\Java\jdk-17\bin\jimage.dll
0x00007ff821820000 - 0x00007ff821a61000 	C:\WINDOWS\SYSTEM32\DBGHELP.DLL
0x00007ff8253c0000 - 0x00007ff82573e000 	C:\WINDOWS\System32\combase.dll
0x00007ff825ad0000 - 0x00007ff825ba6000 	C:\WINDOWS\System32\OLEAUT32.dll
0x00007ff808920000 - 0x00007ff808959000 	C:\WINDOWS\SYSTEM32\dbgcore.DLL
0x00007ff8241b0000 - 0x00007ff824249000 	C:\WINDOWS\System32\bcryptPrimitives.dll
0x00007ff8140d0000 - 0x00007ff8140f5000 	C:\Program Files\Java\jdk-17\bin\java.dll

dbghelp: loaded successfully - version: 4.0.5 - missing functions: none
symbol engine: initialized successfully - sym options: 0x614 - pdb path: .;C:\Program Files\Java\jdk-17\bin;C:\WINDOWS\SYSTEM32;C:\WINDOWS\WinSxS\amd64_microsoft.windows.common-controls_6595b64144ccf1df_6.0.26100.3037_none_3e09262ce333c378;C:\Program Files\Java\jdk-17\bin\server

VM Arguments:
jvm_args: -Dfile.encoding=UTF-8 --module-path=C:\Users\mayar\Documents\NetBeansProjects\PsicologiaGestor\build\classes 
java_command: Main
java_class_path (initial): C:\Users\mayar\Documents\Mayara\mysql-connector-j-9.1.0.jar;C:\Users\mayar\Documents\NetBeansProjects\PsicologiaGestor\build\classes
Launcher Type: SUN_STANDARD

[Global flags]
     intx CICompilerCount                          = 4                                         {product} {ergonomic}
     uint ConcGCThreads                            = 2                                         {product} {ergonomic}
     uint G1ConcRefinementThreads                  = 8                                         {product} {ergonomic}
   size_t G1HeapRegionSize                         = 1048576                                   {product} {ergonomic}
    uintx GCDrainStackTargetSize                   = 64                                        {product} {ergonomic}
   size_t InitialHeapSize                          = 130023424                                 {product} {ergonomic}
   size_t MarkStackSize                            = 4194304                                   {product} {ergonomic}
   size_t MaxHeapSize                              = 2063597568                                {product} {ergonomic}
   size_t MinHeapDeltaBytes                        = 1048576                                   {product} {ergonomic}
   size_t MinHeapSize                              = 8388608                                   {product} {ergonomic}
    uintx NonNMethodCodeHeapSize                   = 5839372                                {pd product} {ergonomic}
    uintx NonProfiledCodeHeapSize                  = 122909434                              {pd product} {ergonomic}
    uintx ProfiledCodeHeapSize                     = 122909434                              {pd product} {ergonomic}
    uintx ReservedCodeCacheSize                    = 251658240                              {pd product} {ergonomic}
     bool SegmentedCodeCache                       = true                                      {product} {ergonomic}
   size_t SoftMaxHeapSize                          = 2063597568                             {manageable} {ergonomic}
     bool UseCompressedClassPointers               = true                           {product lp64_product} {ergonomic}
     bool UseCompressedOops                        = true                           {product lp64_product} {ergonomic}
     bool UseG1GC                                  = true                                      {product} {ergonomic}
     bool UseLargePagesIndividualAllocation        = false                                  {pd product} {ergonomic}

Logging:
Log output configuration:
 #0: stdout all=warning uptime,level,tags
 #1: stderr all=off uptime,level,tags

Environment Variables:
JAVA_HOME=C:\Program Files\Java\jdk-17.0.2
PATH=C:\WINDOWS\system32;C:\WINDOWS;C:\WINDOWS\System32\Wbem;C:\WINDOWS\System32\WindowsPowerShell\v1.0\;C:\WINDOWS\System32\OpenSSH\;C:\ProgramData\UNIVALI\Portugol Studio;C:\Program Files\Java\jdk-21\bin;C:\Users\mayar\AppData\Local\Microsoft\WindowsApps;C:\Program Files\Java\jdk-21\bin;
USERNAME=mayar
OS=Windows_NT
PROCESSOR_IDENTIFIER=Intel64 Family 6 Model 190 Stepping 0, GenuineIntel



---------------  S Y S T E M  ---------------

OS:
 Windows 11 , 64 bit Build 26100 (10.0.26100.3037)
OS uptime: 0 days 2:30 hours
Hyper-V role detected

CPU: total 8 (initial active 8) (8 cores per cpu, 1 threads per core) family 6 model 190 stepping 0 microcode 0xe, cx8, cmov, fxsr, mmx, 3dnowpref, sse, sse2, sse3, ssse3, sse4.1, sse4.2, popcnt, lzcnt, tsc, tscinvbit, avx, avx2, aes, erms, clmul, bmi1, bmi2, adx, sha, fma, vzeroupper, clflush, clflushopt, clwb, hv

Memory: 4k page, system-wide physical 7865M (1750M free)
TotalPageFile size 7865M (AvailPageFile size 41M)
current process WorkingSet (physical memory assigned to process): 12M, peak: 12M
current process commit charge ("private bytes"): 60M, peak: 184M

vm_info: Java HotSpot(TM) 64-Bit Server VM (17.0.11+7-LTS-207) for windows-amd64 JRE (17.0.11+7-LTS-207), built on Mar 11 2024 19:01:50 by "mach5one" with MS VC++ 17.6 (VS2022)

END.
