#
# There is insufficient memory for the Java Runtime Environment to continue.
# Native memory allocation (malloc) failed to allocate 32744 bytes for ChunkPool::allocate
# Possible reasons:
#   The system is out of physical RAM or swap space
#   The process is running with CompressedOops enabled, and the Java Heap may be blocking the growth of the native heap
# Possible solutions:
#   Reduce memory load on the system
#   Increase physical memory or swap space
#   Check if swap backing store is full
#   Decrease Java heap size (-Xmx/-Xms)
#   Decrease number of Java threads
#   Decrease Java thread stack sizes (-Xss)
#   Set larger code cache with -XX:ReservedCodeCacheSize=
#   JVM is running with Unscaled Compressed Oops mode in which the Java heap is
#     placed in the first 4GB address space. The Java Heap base address is the
#     maximum limit for the native heap growth. Please use -XX:HeapBaseMinAddress
#     to set the Java Heap base and to place the Java Heap above 4GB virtual address.
# This output file may be truncated or incomplete.
#
#  Out of Memory Error (arena.cpp:78), pid=16032, tid=7888
#
# JRE version: Java(TM) SE Runtime Environment (17.0.11+7) (build 17.0.11+7-LTS-207)
# Java VM: Java HotSpot(TM) 64-Bit Server VM (17.0.11+7-LTS-207, mixed mode, sharing, tiered, compressed oops, compressed class ptrs, g1 gc, windows-amd64)
# No core dump will be written. Minidumps are not enabled by default on client versions of Windows
#

---------------  S U M M A R Y ------------

Command Line: -Dfile.encoding=UTF-8 MainFrame

Host: Intel(R) Core(TM) i3-N305, 8 cores, 7G,  Windows 11 , 64 bit Build 26100 (10.0.26100.2454)
Time: Mon Jan 13 14:12:07 2025 Hora oficial do Brasil elapsed time: 42.373286 seconds (0d 0h 0m 42s)

---------------  T H R E A D  ---------------

Current thread (0x000001103d186e80):  JavaThread "C1 CompilerThread0" daemon [_thread_in_native, id=7888, stack(0x00000007b1e00000,0x00000007b1f00000)]


Current CompileTask:
C1:  42373 1069       3       javax.swing.UIDefaults$TextAndMnemonicHashMap::get (358 bytes)

Stack: [0x00000007b1e00000,0x00000007b1f00000]
Native frames: (J=compiled Java code, j=interpreted, Vv=VM code, C=native code)
V  [jvm.dll+0x679cca]
V  [jvm.dll+0x7da13d]
V  [jvm.dll+0x7dba83]
V  [jvm.dll+0x7dc0f3]
V  [jvm.dll+0x2449af]
V  [jvm.dll+0xaba8c]
V  [jvm.dll+0xabe1c]
V  [jvm.dll+0x175183]
V  [jvm.dll+0x17524e]
V  [jvm.dll+0x177a1f]
V  [jvm.dll+0x179371]
V  [jvm.dll+0x134ce3]
V  [jvm.dll+0x1345af]
V  [jvm.dll+0x1347f8]
V  [jvm.dll+0x133c81]
V  [jvm.dll+0x13596d]
V  [jvm.dll+0x225a2b]
V  [jvm.dll+0x223bcb]
V  [jvm.dll+0x7903ec]
V  [jvm.dll+0x78a85a]
V  [jvm.dll+0x678bb5]
C  [ucrtbase.dll+0x14ea0]
C  [KERNEL32.DLL+0x2e8d7]
C  [ntdll.dll+0xdfbcc]


---------------  P R O C E S S  ---------------

Threads class SMR info:
_java_thread_list=0x00000110048526c0, length=17, elements={
0x000001103d16ddc0, 0x000001103d170790, 0x000001103d1813a0, 0x000001103d181d60,
0x000001103d182720, 0x000001103d1840f0, 0x000001103d1852a0, 0x000001103d186e80,
0x000001103d187790, 0x000001103d3f4d30, 0x000001103d406840, 0x000001103d5dd440,
0x000001103d5dd920, 0x000001103d634680, 0x000001103d62f620, 0x000001101ea0ed60,
0x0000011004893d30
}

Java Threads: ( => current thread )
  0x000001103d16ddc0 JavaThread "Reference Handler" daemon [_thread_blocked, id=15692, stack(0x00000007b1700000,0x00000007b1800000)]
  0x000001103d170790 JavaThread "Finalizer" daemon [_thread_blocked, id=15228, stack(0x00000007b1800000,0x00000007b1900000)]
  0x000001103d1813a0 JavaThread "Signal Dispatcher" daemon [_thread_blocked, id=14344, stack(0x00000007b1900000,0x00000007b1a00000)]
  0x000001103d181d60 JavaThread "Attach Listener" daemon [_thread_blocked, id=3352, stack(0x00000007b1a00000,0x00000007b1b00000)]
  0x000001103d182720 JavaThread "Service Thread" daemon [_thread_blocked, id=13100, stack(0x00000007b1b00000,0x00000007b1c00000)]
  0x000001103d1840f0 JavaThread "Monitor Deflation Thread" daemon [_thread_blocked, id=5708, stack(0x00000007b1c00000,0x00000007b1d00000)]
  0x000001103d1852a0 JavaThread "C2 CompilerThread0" daemon [_thread_blocked, id=9780, stack(0x00000007b1d00000,0x00000007b1e00000)]
=>0x000001103d186e80 JavaThread "C1 CompilerThread0" daemon [_thread_in_native, id=7888, stack(0x00000007b1e00000,0x00000007b1f00000)]
  0x000001103d187790 JavaThread "Sweeper thread" daemon [_thread_blocked, id=5376, stack(0x00000007b1f00000,0x00000007b2000000)]
  0x000001103d3f4d30 JavaThread "Notification Thread" daemon [_thread_blocked, id=15224, stack(0x00000007b2000000,0x00000007b2100000)]
  0x000001103d406840 JavaThread "Common-Cleaner" daemon [_thread_blocked, id=3004, stack(0x00000007b2200000,0x00000007b2300000)]
  0x000001103d5dd440 JavaThread "Java2D Disposer" daemon [_thread_blocked, id=9144, stack(0x00000007b2300000,0x00000007b2400000)]
  0x000001103d5dd920 JavaThread "AWT-Shutdown" [_thread_blocked, id=8084, stack(0x00000007b2400000,0x00000007b2500000)]
  0x000001103d634680 JavaThread "AWT-Windows" daemon [_thread_in_native, id=17512, stack(0x00000007b2500000,0x00000007b2600000)]
  0x000001103d62f620 JavaThread "AWT-EventQueue-0" [_thread_blocked, id=14472, stack(0x00000007b2600000,0x00000007b2700000)]
  0x000001101ea0ed60 JavaThread "DestroyJavaVM" [_thread_blocked, id=16996, stack(0x00000007b1000000,0x00000007b1100000)]
  0x0000011004893d30 JavaThread "TimerQueue" daemon [_thread_blocked, id=2944, stack(0x00000007b2a00000,0x00000007b2b00000)]

Other Threads:
  0x000001103d166400 VMThread "VM Thread" [stack: 0x00000007b1600000,0x00000007b1700000] [id=13996]
  0x000001101ea81690 WatcherThread [stack: 0x00000007b2100000,0x00000007b2200000] [id=12788]
  0x000001101ea628e0 GCTaskThread "GC Thread#0" [stack: 0x00000007b1100000,0x00000007b1200000] [id=8240]
  0x000001101ea72f90 ConcurrentGCThread "G1 Main Marker" [stack: 0x00000007b1200000,0x00000007b1300000] [id=17496]
  0x000001101ea753c0 ConcurrentGCThread "G1 Conc#0" [stack: 0x00000007b1300000,0x00000007b1400000] [id=8396]
  0x000001103d00ad80 ConcurrentGCThread "G1 Refine#0" [stack: 0x00000007b1400000,0x00000007b1500000] [id=16672]
  0x000001103d00c660 ConcurrentGCThread "G1 Service" [stack: 0x00000007b1500000,0x00000007b1600000] [id=10452]

Threads with active compile tasks:
C1 CompilerThread0    42400 1069       3       javax.swing.UIDefaults$TextAndMnemonicHashMap::get (358 bytes)

VM state: not at safepoint (normal execution)

VM Mutex/Monitor currently owned by a thread: None

Heap address: 0x0000000085000000, size: 1968 MB, Compressed Oops mode: 32-bit

CDS archive(s) mapped at: [0x000001103e000000-0x000001103ebd0000-0x000001103ebd0000), size 12386304, SharedBaseAddress: 0x000001103e000000, ArchiveRelocationMode: 1.
Compressed class space mapped at: 0x000001103f000000-0x000001107f000000, reserved size: 1073741824
Narrow klass base: 0x000001103e000000, Narrow klass shift: 0, Narrow klass range: 0x100000000

GC Precious Log:
 CPUs: 8 total, 8 available
 Memory: 7865M
 Large Page Support: Disabled
 NUMA Support: Disabled
 Compressed Oops: Enabled (32-bit)
 Heap Region Size: 1M
 Heap Min Capacity: 8M
 Heap Initial Capacity: 124M
 Heap Max Capacity: 1968M
 Pre-touch: Disabled
 Parallel Workers: 8
 Concurrent Workers: 2
 Concurrent Refinement Workers: 8
 Periodic GC: Disabled

Heap:
 garbage-first heap   total 126976K, used 8192K [0x0000000085000000, 0x0000000100000000)
  region size 1024K, 7 young (7168K), 0 survivors (0K)
 Metaspace       used 8652K, committed 8832K, reserved 1114112K
  class space    used 1008K, committed 1088K, reserved 1048576K

Heap Regions: E=young(eden), S=young(survivor), O=old, HS=humongous(starts), HC=humongous(continues), CS=collection set, F=free, OA=open archive, CA=closed archive, TAMS=top-at-mark-start (previous, next)
|   0|0x0000000085000000, 0x0000000085100000, 0x0000000085100000|100%|HS|  |TAMS 0x0000000085000000, 0x0000000085000000| Complete 
|   1|0x0000000085100000, 0x0000000085200000, 0x0000000085200000|100%|HC|  |TAMS 0x0000000085100000, 0x0000000085100000| Complete 
|   2|0x0000000085200000, 0x0000000085200000, 0x0000000085300000|  0%| F|  |TAMS 0x0000000085200000, 0x0000000085200000| Untracked 
|   3|0x0000000085300000, 0x0000000085300000, 0x0000000085400000|  0%| F|  |TAMS 0x0000000085300000, 0x0000000085300000| Untracked 
|   4|0x0000000085400000, 0x0000000085400000, 0x0000000085500000|  0%| F|  |TAMS 0x0000000085400000, 0x0000000085400000| Untracked 
|   5|0x0000000085500000, 0x0000000085500000, 0x0000000085600000|  0%| F|  |TAMS 0x0000000085500000, 0x0000000085500000| Untracked 
|   6|0x0000000085600000, 0x0000000085600000, 0x0000000085700000|  0%| F|  |TAMS 0x0000000085600000, 0x0000000085600000| Untracked 
|   7|0x0000000085700000, 0x0000000085700000, 0x0000000085800000|  0%| F|  |TAMS 0x0000000085700000, 0x0000000085700000| Untracked 
|   8|0x0000000085800000, 0x0000000085800000, 0x0000000085900000|  0%| F|  |TAMS 0x0000000085800000, 0x0000000085800000| Untracked 
|   9|0x0000000085900000, 0x0000000085900000, 0x0000000085a00000|  0%| F|  |TAMS 0x0000000085900000, 0x0000000085900000| Untracked 
|  10|0x0000000085a00000, 0x0000000085a00000, 0x0000000085b00000|  0%| F|  |TAMS 0x0000000085a00000, 0x0000000085a00000| Untracked 
|  11|0x0000000085b00000, 0x0000000085b00000, 0x0000000085c00000|  0%| F|  |TAMS 0x0000000085b00000, 0x0000000085b00000| Untracked 
|  12|0x0000000085c00000, 0x0000000085c00000, 0x0000000085d00000|  0%| F|  |TAMS 0x0000000085c00000, 0x0000000085c00000| Untracked 
|  13|0x0000000085d00000, 0x0000000085d00000, 0x0000000085e00000|  0%| F|  |TAMS 0x0000000085d00000, 0x0000000085d00000| Untracked 
|  14|0x0000000085e00000, 0x0000000085e00000, 0x0000000085f00000|  0%| F|  |TAMS 0x0000000085e00000, 0x0000000085e00000| Untracked 
|  15|0x0000000085f00000, 0x0000000085f00000, 0x0000000086000000|  0%| F|  |TAMS 0x0000000085f00000, 0x0000000085f00000| Untracked 
|  16|0x0000000086000000, 0x0000000086000000, 0x0000000086100000|  0%| F|  |TAMS 0x0000000086000000, 0x0000000086000000| Untracked 
|  17|0x0000000086100000, 0x0000000086100000, 0x0000000086200000|  0%| F|  |TAMS 0x0000000086100000, 0x0000000086100000| Untracked 
|  18|0x0000000086200000, 0x0000000086200000, 0x0000000086300000|  0%| F|  |TAMS 0x0000000086200000, 0x0000000086200000| Untracked 
|  19|0x0000000086300000, 0x0000000086300000, 0x0000000086400000|  0%| F|  |TAMS 0x0000000086300000, 0x0000000086300000| Untracked 
|  20|0x0000000086400000, 0x0000000086400000, 0x0000000086500000|  0%| F|  |TAMS 0x0000000086400000, 0x0000000086400000| Untracked 
|  21|0x0000000086500000, 0x0000000086500000, 0x0000000086600000|  0%| F|  |TAMS 0x0000000086500000, 0x0000000086500000| Untracked 
|  22|0x0000000086600000, 0x0000000086600000, 0x0000000086700000|  0%| F|  |TAMS 0x0000000086600000, 0x0000000086600000| Untracked 
|  23|0x0000000086700000, 0x0000000086700000, 0x0000000086800000|  0%| F|  |TAMS 0x0000000086700000, 0x0000000086700000| Untracked 
|  24|0x0000000086800000, 0x0000000086800000, 0x0000000086900000|  0%| F|  |TAMS 0x0000000086800000, 0x0000000086800000| Untracked 
|  25|0x0000000086900000, 0x0000000086900000, 0x0000000086a00000|  0%| F|  |TAMS 0x0000000086900000, 0x0000000086900000| Untracked 
|  26|0x0000000086a00000, 0x0000000086a00000, 0x0000000086b00000|  0%| F|  |TAMS 0x0000000086a00000, 0x0000000086a00000| Untracked 
|  27|0x0000000086b00000, 0x0000000086b00000, 0x0000000086c00000|  0%| F|  |TAMS 0x0000000086b00000, 0x0000000086b00000| Untracked 
|  28|0x0000000086c00000, 0x0000000086c00000, 0x0000000086d00000|  0%| F|  |TAMS 0x0000000086c00000, 0x0000000086c00000| Untracked 
|  29|0x0000000086d00000, 0x0000000086d00000, 0x0000000086e00000|  0%| F|  |TAMS 0x0000000086d00000, 0x0000000086d00000| Untracked 
|  30|0x0000000086e00000, 0x0000000086e00000, 0x0000000086f00000|  0%| F|  |TAMS 0x0000000086e00000, 0x0000000086e00000| Untracked 
|  31|0x0000000086f00000, 0x0000000086f00000, 0x0000000087000000|  0%| F|  |TAMS 0x0000000086f00000, 0x0000000086f00000| Untracked 
|  32|0x0000000087000000, 0x0000000087000000, 0x0000000087100000|  0%| F|  |TAMS 0x0000000087000000, 0x0000000087000000| Untracked 
|  33|0x0000000087100000, 0x0000000087100000, 0x0000000087200000|  0%| F|  |TAMS 0x0000000087100000, 0x0000000087100000| Untracked 
|  34|0x0000000087200000, 0x0000000087200000, 0x0000000087300000|  0%| F|  |TAMS 0x0000000087200000, 0x0000000087200000| Untracked 
|  35|0x0000000087300000, 0x0000000087300000, 0x0000000087400000|  0%| F|  |TAMS 0x0000000087300000, 0x0000000087300000| Untracked 
|  36|0x0000000087400000, 0x0000000087400000, 0x0000000087500000|  0%| F|  |TAMS 0x0000000087400000, 0x0000000087400000| Untracked 
|  37|0x0000000087500000, 0x0000000087500000, 0x0000000087600000|  0%| F|  |TAMS 0x0000000087500000, 0x0000000087500000| Untracked 
|  38|0x0000000087600000, 0x0000000087600000, 0x0000000087700000|  0%| F|  |TAMS 0x0000000087600000, 0x0000000087600000| Untracked 
|  39|0x0000000087700000, 0x0000000087700000, 0x0000000087800000|  0%| F|  |TAMS 0x0000000087700000, 0x0000000087700000| Untracked 
|  40|0x0000000087800000, 0x0000000087800000, 0x0000000087900000|  0%| F|  |TAMS 0x0000000087800000, 0x0000000087800000| Untracked 
|  41|0x0000000087900000, 0x0000000087900000, 0x0000000087a00000|  0%| F|  |TAMS 0x0000000087900000, 0x0000000087900000| Untracked 
|  42|0x0000000087a00000, 0x0000000087a00000, 0x0000000087b00000|  0%| F|  |TAMS 0x0000000087a00000, 0x0000000087a00000| Untracked 
|  43|0x0000000087b00000, 0x0000000087b00000, 0x0000000087c00000|  0%| F|  |TAMS 0x0000000087b00000, 0x0000000087b00000| Untracked 
|  44|0x0000000087c00000, 0x0000000087c00000, 0x0000000087d00000|  0%| F|  |TAMS 0x0000000087c00000, 0x0000000087c00000| Untracked 
|  45|0x0000000087d00000, 0x0000000087d00000, 0x0000000087e00000|  0%| F|  |TAMS 0x0000000087d00000, 0x0000000087d00000| Untracked 
|  46|0x0000000087e00000, 0x0000000087e00000, 0x0000000087f00000|  0%| F|  |TAMS 0x0000000087e00000, 0x0000000087e00000| Untracked 
|  47|0x0000000087f00000, 0x0000000087f00000, 0x0000000088000000|  0%| F|  |TAMS 0x0000000087f00000, 0x0000000087f00000| Untracked 
|  48|0x0000000088000000, 0x0000000088000000, 0x0000000088100000|  0%| F|  |TAMS 0x0000000088000000, 0x0000000088000000| Untracked 
|  49|0x0000000088100000, 0x0000000088100000, 0x0000000088200000|  0%| F|  |TAMS 0x0000000088100000, 0x0000000088100000| Untracked 
|  50|0x0000000088200000, 0x0000000088200000, 0x0000000088300000|  0%| F|  |TAMS 0x0000000088200000, 0x0000000088200000| Untracked 
|  51|0x0000000088300000, 0x0000000088300000, 0x0000000088400000|  0%| F|  |TAMS 0x0000000088300000, 0x0000000088300000| Untracked 
|  52|0x0000000088400000, 0x0000000088400000, 0x0000000088500000|  0%| F|  |TAMS 0x0000000088400000, 0x0000000088400000| Untracked 
|  53|0x0000000088500000, 0x0000000088500000, 0x0000000088600000|  0%| F|  |TAMS 0x0000000088500000, 0x0000000088500000| Untracked 
|  54|0x0000000088600000, 0x0000000088600000, 0x0000000088700000|  0%| F|  |TAMS 0x0000000088600000, 0x0000000088600000| Untracked 
|  55|0x0000000088700000, 0x0000000088700000, 0x0000000088800000|  0%| F|  |TAMS 0x0000000088700000, 0x0000000088700000| Untracked 
|  56|0x0000000088800000, 0x0000000088800000, 0x0000000088900000|  0%| F|  |TAMS 0x0000000088800000, 0x0000000088800000| Untracked 
|  57|0x0000000088900000, 0x0000000088900000, 0x0000000088a00000|  0%| F|  |TAMS 0x0000000088900000, 0x0000000088900000| Untracked 
|  58|0x0000000088a00000, 0x0000000088a00000, 0x0000000088b00000|  0%| F|  |TAMS 0x0000000088a00000, 0x0000000088a00000| Untracked 
|  59|0x0000000088b00000, 0x0000000088b00000, 0x0000000088c00000|  0%| F|  |TAMS 0x0000000088b00000, 0x0000000088b00000| Untracked 
|  60|0x0000000088c00000, 0x0000000088c00000, 0x0000000088d00000|  0%| F|  |TAMS 0x0000000088c00000, 0x0000000088c00000| Untracked 
|  61|0x0000000088d00000, 0x0000000088d00000, 0x0000000088e00000|  0%| F|  |TAMS 0x0000000088d00000, 0x0000000088d00000| Untracked 
|  62|0x0000000088e00000, 0x0000000088e00000, 0x0000000088f00000|  0%| F|  |TAMS 0x0000000088e00000, 0x0000000088e00000| Untracked 
|  63|0x0000000088f00000, 0x0000000088f00000, 0x0000000089000000|  0%| F|  |TAMS 0x0000000088f00000, 0x0000000088f00000| Untracked 
|  64|0x0000000089000000, 0x0000000089000000, 0x0000000089100000|  0%| F|  |TAMS 0x0000000089000000, 0x0000000089000000| Untracked 
|  65|0x0000000089100000, 0x0000000089100000, 0x0000000089200000|  0%| F|  |TAMS 0x0000000089100000, 0x0000000089100000| Untracked 
|  66|0x0000000089200000, 0x0000000089200000, 0x0000000089300000|  0%| F|  |TAMS 0x0000000089200000, 0x0000000089200000| Untracked 
|  67|0x0000000089300000, 0x0000000089300000, 0x0000000089400000|  0%| F|  |TAMS 0x0000000089300000, 0x0000000089300000| Untracked 
|  68|0x0000000089400000, 0x0000000089400000, 0x0000000089500000|  0%| F|  |TAMS 0x0000000089400000, 0x0000000089400000| Untracked 
|  69|0x0000000089500000, 0x0000000089500000, 0x0000000089600000|  0%| F|  |TAMS 0x0000000089500000, 0x0000000089500000| Untracked 
|  70|0x0000000089600000, 0x0000000089600000, 0x0000000089700000|  0%| F|  |TAMS 0x0000000089600000, 0x0000000089600000| Untracked 
|  71|0x0000000089700000, 0x0000000089700000, 0x0000000089800000|  0%| F|  |TAMS 0x0000000089700000, 0x0000000089700000| Untracked 
|  72|0x0000000089800000, 0x0000000089800000, 0x0000000089900000|  0%| F|  |TAMS 0x0000000089800000, 0x0000000089800000| Untracked 
|  73|0x0000000089900000, 0x0000000089900000, 0x0000000089a00000|  0%| F|  |TAMS 0x0000000089900000, 0x0000000089900000| Untracked 
|  74|0x0000000089a00000, 0x0000000089a00000, 0x0000000089b00000|  0%| F|  |TAMS 0x0000000089a00000, 0x0000000089a00000| Untracked 
|  75|0x0000000089b00000, 0x0000000089b00000, 0x0000000089c00000|  0%| F|  |TAMS 0x0000000089b00000, 0x0000000089b00000| Untracked 
|  76|0x0000000089c00000, 0x0000000089c00000, 0x0000000089d00000|  0%| F|  |TAMS 0x0000000089c00000, 0x0000000089c00000| Untracked 
|  77|0x0000000089d00000, 0x0000000089d00000, 0x0000000089e00000|  0%| F|  |TAMS 0x0000000089d00000, 0x0000000089d00000| Untracked 
|  78|0x0000000089e00000, 0x0000000089e00000, 0x0000000089f00000|  0%| F|  |TAMS 0x0000000089e00000, 0x0000000089e00000| Untracked 
|  79|0x0000000089f00000, 0x0000000089f00000, 0x000000008a000000|  0%| F|  |TAMS 0x0000000089f00000, 0x0000000089f00000| Untracked 
|  80|0x000000008a000000, 0x000000008a000000, 0x000000008a100000|  0%| F|  |TAMS 0x000000008a000000, 0x000000008a000000| Untracked 
|  81|0x000000008a100000, 0x000000008a100000, 0x000000008a200000|  0%| F|  |TAMS 0x000000008a100000, 0x000000008a100000| Untracked 
|  82|0x000000008a200000, 0x000000008a200000, 0x000000008a300000|  0%| F|  |TAMS 0x000000008a200000, 0x000000008a200000| Untracked 
|  83|0x000000008a300000, 0x000000008a300000, 0x000000008a400000|  0%| F|  |TAMS 0x000000008a300000, 0x000000008a300000| Untracked 
|  84|0x000000008a400000, 0x000000008a400000, 0x000000008a500000|  0%| F|  |TAMS 0x000000008a400000, 0x000000008a400000| Untracked 
|  85|0x000000008a500000, 0x000000008a500000, 0x000000008a600000|  0%| F|  |TAMS 0x000000008a500000, 0x000000008a500000| Untracked 
|  86|0x000000008a600000, 0x000000008a600000, 0x000000008a700000|  0%| F|  |TAMS 0x000000008a600000, 0x000000008a600000| Untracked 
|  87|0x000000008a700000, 0x000000008a700000, 0x000000008a800000|  0%| F|  |TAMS 0x000000008a700000, 0x000000008a700000| Untracked 
|  88|0x000000008a800000, 0x000000008a800000, 0x000000008a900000|  0%| F|  |TAMS 0x000000008a800000, 0x000000008a800000| Untracked 
|  89|0x000000008a900000, 0x000000008a900000, 0x000000008aa00000|  0%| F|  |TAMS 0x000000008a900000, 0x000000008a900000| Untracked 
|  90|0x000000008aa00000, 0x000000008aa00000, 0x000000008ab00000|  0%| F|  |TAMS 0x000000008aa00000, 0x000000008aa00000| Untracked 
|  91|0x000000008ab00000, 0x000000008ab00000, 0x000000008ac00000|  0%| F|  |TAMS 0x000000008ab00000, 0x000000008ab00000| Untracked 
|  92|0x000000008ac00000, 0x000000008ac00000, 0x000000008ad00000|  0%| F|  |TAMS 0x000000008ac00000, 0x000000008ac00000| Untracked 
|  93|0x000000008ad00000, 0x000000008ad00000, 0x000000008ae00000|  0%| F|  |TAMS 0x000000008ad00000, 0x000000008ad00000| Untracked 
|  94|0x000000008ae00000, 0x000000008ae00000, 0x000000008af00000|  0%| F|  |TAMS 0x000000008ae00000, 0x000000008ae00000| Untracked 
|  95|0x000000008af00000, 0x000000008af00000, 0x000000008b000000|  0%| F|  |TAMS 0x000000008af00000, 0x000000008af00000| Untracked 
|  96|0x000000008b000000, 0x000000008b000000, 0x000000008b100000|  0%| F|  |TAMS 0x000000008b000000, 0x000000008b000000| Untracked 
|  97|0x000000008b100000, 0x000000008b100000, 0x000000008b200000|  0%| F|  |TAMS 0x000000008b100000, 0x000000008b100000| Untracked 
|  98|0x000000008b200000, 0x000000008b200000, 0x000000008b300000|  0%| F|  |TAMS 0x000000008b200000, 0x000000008b200000| Untracked 
|  99|0x000000008b300000, 0x000000008b300000, 0x000000008b400000|  0%| F|  |TAMS 0x000000008b300000, 0x000000008b300000| Untracked 
| 100|0x000000008b400000, 0x000000008b400000, 0x000000008b500000|  0%| F|  |TAMS 0x000000008b400000, 0x000000008b400000| Untracked 
| 101|0x000000008b500000, 0x000000008b500000, 0x000000008b600000|  0%| F|  |TAMS 0x000000008b500000, 0x000000008b500000| Untracked 
| 102|0x000000008b600000, 0x000000008b600000, 0x000000008b700000|  0%| F|  |TAMS 0x000000008b600000, 0x000000008b600000| Untracked 
| 103|0x000000008b700000, 0x000000008b700000, 0x000000008b800000|  0%| F|  |TAMS 0x000000008b700000, 0x000000008b700000| Untracked 
| 104|0x000000008b800000, 0x000000008b800000, 0x000000008b900000|  0%| F|  |TAMS 0x000000008b800000, 0x000000008b800000| Untracked 
| 105|0x000000008b900000, 0x000000008b900000, 0x000000008ba00000|  0%| F|  |TAMS 0x000000008b900000, 0x000000008b900000| Untracked 
| 106|0x000000008ba00000, 0x000000008ba00000, 0x000000008bb00000|  0%| F|  |TAMS 0x000000008ba00000, 0x000000008ba00000| Untracked 
| 107|0x000000008bb00000, 0x000000008bb00000, 0x000000008bc00000|  0%| F|  |TAMS 0x000000008bb00000, 0x000000008bb00000| Untracked 
| 108|0x000000008bc00000, 0x000000008bc00000, 0x000000008bd00000|  0%| F|  |TAMS 0x000000008bc00000, 0x000000008bc00000| Untracked 
| 109|0x000000008bd00000, 0x000000008bd00000, 0x000000008be00000|  0%| F|  |TAMS 0x000000008bd00000, 0x000000008bd00000| Untracked 
| 110|0x000000008be00000, 0x000000008be00000, 0x000000008bf00000|  0%| F|  |TAMS 0x000000008be00000, 0x000000008be00000| Untracked 
| 111|0x000000008bf00000, 0x000000008bf00000, 0x000000008c000000|  0%| F|  |TAMS 0x000000008bf00000, 0x000000008bf00000| Untracked 
| 112|0x000000008c000000, 0x000000008c000000, 0x000000008c100000|  0%| F|  |TAMS 0x000000008c000000, 0x000000008c000000| Untracked 
| 113|0x000000008c100000, 0x000000008c100000, 0x000000008c200000|  0%| F|  |TAMS 0x000000008c100000, 0x000000008c100000| Untracked 
| 114|0x000000008c200000, 0x000000008c200000, 0x000000008c300000|  0%| F|  |TAMS 0x000000008c200000, 0x000000008c200000| Untracked 
| 115|0x000000008c300000, 0x000000008c300000, 0x000000008c400000|  0%| F|  |TAMS 0x000000008c300000, 0x000000008c300000| Untracked 
| 116|0x000000008c400000, 0x000000008c400000, 0x000000008c500000|  0%| F|  |TAMS 0x000000008c400000, 0x000000008c400000| Untracked 
| 117|0x000000008c500000, 0x000000008c5ec0b8, 0x000000008c600000| 92%| E|  |TAMS 0x000000008c500000, 0x000000008c500000| Complete 
| 118|0x000000008c600000, 0x000000008c700000, 0x000000008c700000|100%| E|CS|TAMS 0x000000008c600000, 0x000000008c600000| Complete 
| 119|0x000000008c700000, 0x000000008c800000, 0x000000008c800000|100%| E|CS|TAMS 0x000000008c700000, 0x000000008c700000| Complete 
| 120|0x000000008c800000, 0x000000008c900000, 0x000000008c900000|100%| E|CS|TAMS 0x000000008c800000, 0x000000008c800000| Complete 
| 121|0x000000008c900000, 0x000000008ca00000, 0x000000008ca00000|100%| E|CS|TAMS 0x000000008c900000, 0x000000008c900000| Complete 
| 122|0x000000008ca00000, 0x000000008cb00000, 0x000000008cb00000|100%| E|CS|TAMS 0x000000008ca00000, 0x000000008ca00000| Complete 
| 123|0x000000008cb00000, 0x000000008cc00000, 0x000000008cc00000|100%| E|CS|TAMS 0x000000008cb00000, 0x000000008cb00000| Complete 

Card table byte_map: [0x0000011036200000,0x00000110365e0000] _byte_map_base: 0x0000011035dd8000

Marking Bits (Prev, Next): (CMBitMap*) 0x000001101ea62f00, (CMBitMap*) 0x000001101ea62f40
 Prev Bits: [0x00000110369c0000, 0x0000011038880000)
 Next Bits: [0x0000011038880000, 0x000001103a740000)

Polling page: 0x000001101eae0000

Metaspace:

Usage:
  Non-class:      7.47 MB used.
      Class:   1008.73 KB used.
       Both:      8.45 MB used.

Virtual space:
  Non-class space:       64.00 MB reserved,       7.56 MB ( 12%) committed,  1 nodes.
      Class space:        1.00 GB reserved,       1.06 MB ( <1%) committed,  1 nodes.
             Both:        1.06 GB reserved,       8.62 MB ( <1%) committed. 

Chunk freelists:
   Non-Class:  8.49 MB
       Class:  14.75 MB
        Both:  23.24 MB

MaxMetaspaceSize: unlimited
CompressedClassSpaceSize: 1.00 GB
Initial GC threshold: 21.00 MB
Current GC threshold: 21.00 MB
CDS: on
MetaspaceReclaimPolicy: balanced
 - commit_granule_bytes: 65536.
 - commit_granule_words: 8192.
 - virtual_space_node_default_size: 8388608.
 - enlarge_chunks_in_place: 1.
 - new_chunks_are_fully_committed: 0.
 - uncommit_free_chunks: 1.
 - use_allocation_guard: 0.
 - handle_deallocations: 1.


Internal statistics:

num_allocs_failed_limit: 0.
num_arena_births: 108.
num_arena_deaths: 0.
num_vsnodes_births: 2.
num_vsnodes_deaths: 0.
num_space_committed: 138.
num_space_uncommitted: 0.
num_chunks_returned_to_freelist: 0.
num_chunks_taken_from_freelist: 160.
num_chunk_merges: 0.
num_chunk_splits: 86.
num_chunks_enlarged: 27.
num_inconsistent_stats: 0.

CodeHeap 'non-profiled nmethods': size=120000Kb used=271Kb max_used=271Kb free=119728Kb
 bounds [0x000001102de90000, 0x000001102e100000, 0x00000110353c0000]
CodeHeap 'profiled nmethods': size=120000Kb used=1582Kb max_used=1582Kb free=118417Kb
 bounds [0x00000110263c0000, 0x0000011026630000, 0x000001102d8f0000]
CodeHeap 'non-nmethods': size=5760Kb used=1260Kb max_used=1276Kb free=4500Kb
 bounds [0x000001102d8f0000, 0x000001102db60000, 0x000001102de90000]
 total_blobs=1649 nmethods=1067 adapters=495
 compilation: enabled
              stopped_count=0, restarted_count=0
 full_count=0

Compilation events (20 events):
Event: 37.804 Thread 0x000001103d186e80 nmethod 1059 0x000001102ded3390 code [0x000001102ded3520, 0x000001102ded35f8]
Event: 37.804 Thread 0x000001103d186e80 1060  s    3       javax.swing.RepaintManager::getPaintManager (107 bytes)
Event: 37.805 Thread 0x000001103d186e80 nmethod 1060 0x0000011026546290 code [0x00000110265464c0, 0x0000011026546d38]
Event: 37.805 Thread 0x000001103d186e80 1061       3       java.awt.Container::getComponentCount (5 bytes)
Event: 37.805 Thread 0x000001103d186e80 nmethod 1061 0x0000011026546f90 code [0x0000011026547140, 0x0000011026547408]
Event: 38.319 Thread 0x000001103d186e80 1062       3       javax.swing.TimerQueue::now (8 bytes)
Event: 38.319 Thread 0x000001103d186e80 nmethod 1062 0x0000011026547510 code [0x00000110265476a0, 0x00000110265477b8]
Event: 38.319 Thread 0x000001103d186e80 1063       3       java.util.concurrent.TimeUnit::toNanos (45 bytes)
Event: 38.319 Thread 0x000001103d186e80 nmethod 1063 0x0000011026547810 code [0x00000110265479c0, 0x0000011026547c38]
Event: 38.319 Thread 0x000001103d186e80 1064       3       sun.java2d.SurfaceData::validatePipe (785 bytes)
Event: 38.320 Thread 0x000001103d186e80 nmethod 1064 0x0000011026547d10 code [0x00000110265481a0, 0x000001102654b1e8]
Event: 38.320 Thread 0x000001103d186e80 1065       3       java.awt.Rectangle::<init> (9 bytes)
Event: 38.320 Thread 0x000001103d186e80 nmethod 1065 0x000001102654b410 code [0x000001102654b5c0, 0x000001102654b878]
Event: 38.833 Thread 0x000001103d186e80 1066       1       javax.swing.DefaultBoundedRangeModel::getMinimum (5 bytes)
Event: 38.833 Thread 0x000001103d186e80 nmethod 1066 0x000001102ded3690 code [0x000001102ded3820, 0x000001102ded38f8]
Event: 39.345 Thread 0x000001103d186e80 1067       1       javax.swing.event.EventListenerList::getListenerList (5 bytes)
Event: 39.345 Thread 0x000001103d186e80 nmethod 1067 0x000001102ded3990 code [0x000001102ded3b20, 0x000001102ded3bf8]
Event: 39.345 Thread 0x000001103d186e80 1068       1       javax.swing.text.JTextComponent::getMargin (5 bytes)
Event: 39.346 Thread 0x000001103d186e80 nmethod 1068 0x000001102ded3c90 code [0x000001102ded3e20, 0x000001102ded3ef8]
Event: 39.346 Thread 0x000001103d186e80 1069       3       javax.swing.UIDefaults$TextAndMnemonicHashMap::get (358 bytes)

GC Heap History (0 events):
No events

Deoptimization events (4 events):
Event: 31.745 Thread 0x000001103d62f620 Uncommon trap: trap_request=0xffffff45 fr.pc=0x000001102dec9e1c relative=0x000000000000009c
Event: 31.745 Thread 0x000001103d62f620 Uncommon trap: reason=unstable_if action=reinterpret pc=0x000001102dec9e1c method=java.awt.Component.inside(II)Z @ 1 c2
Event: 31.745 Thread 0x000001103d62f620 DEOPT PACKING pc=0x000001102dec9e1c sp=0x00000007b26fe980
Event: 31.745 Thread 0x000001103d62f620 DEOPT UNPACKING pc=0x000001102d9423a3 sp=0x00000007b26fe820 mode 2

Classes unloaded (0 events):
No events

Classes redefined (0 events):
No events

Internal exceptions (13 events):
Event: 0.102 Thread 0x000001101ea0ed60 Exception <a 'java/lang/ClassNotFoundException'{0x000000008ca45180}: sun/awt/resources/spi/awtProvider> (0x000000008ca45180) 
thrown [s\open\src\hotspot\share\classfile\systemDictionary.cpp, line 256]
Event: 0.123 Thread 0x000001101ea0ed60 Exception <a 'java/io/FileNotFoundException'{0x000000008ca9d1a8}> (0x000000008ca9d1a8) 
thrown [s\open\src\hotspot\share\prims\jni.cpp, line 516]
Event: 0.130 Thread 0x000001101ea0ed60 Exception <a 'java/io/FileNotFoundException'{0x000000008caca178}> (0x000000008caca178) 
thrown [s\open\src\hotspot\share\prims\jni.cpp, line 516]
Event: 0.152 Thread 0x000001101ea0ed60 Exception <a 'java/lang/NoSuchMethodError'{0x000000008c9017e0}: 'java.lang.Object java.lang.invoke.DirectMethodHandle$Holder.invokeStaticInit(java.lang.Object)'> (0x000000008c9017e0) 
thrown [s\open\src\hotspot\share\interpreter\linkResolver.cpp, line 759]
Event: 0.193 Thread 0x000001103d62f620 Exception <a 'java/lang/NoSuchMethodError'{0x000000008c8505a0}: 'void java.lang.invoke.DirectMethodHandle$Holder.invokeSpecial(java.lang.Object, java.lang.Object, java.lang.Object)'> (0x000000008c8505a0) 
thrown [s\open\src\hotspot\share\interpreter\linkResolver.cpp, line 759]
Event: 0.201 Thread 0x000001103d62f620 Exception <a 'java/lang/NoSuchMethodError'{0x000000008c87a8f0}: 'java.lang.Object java.lang.invoke.DirectMethodHandle$Holder.newInvokeSpecial(java.lang.Object, java.lang.Object, java.lang.Object, java.lang.Object, java.lang.Object)'> (0x000000008c87a8f0) 
thrown [s\open\src\hotspot\share\interpreter\linkResolver.cpp, line 759]
Event: 0.202 Thread 0x000001103d62f620 Exception <a 'java/lang/NoSuchMethodError'{0x000000008c8862b8}: 'java.lang.Object java.lang.invoke.DirectMethodHandle$Holder.invokeStatic(java.lang.Object, int, java.lang.Object, java.lang.Object, java.lang.Object, java.lang.Object)'> (0x000000008c8862b8) 
thrown [s\open\src\hotspot\share\interpreter\linkResolver.cpp, line 759]
Event: 0.206 Thread 0x000001103d62f620 Exception <a 'java/lang/NoSuchMethodError'{0x000000008c8aba78}: 'java.lang.Object java.lang.invoke.DirectMethodHandle$Holder.invokeStatic(java.lang.Object, int, java.lang.Object)'> (0x000000008c8aba78) 
thrown [s\open\src\hotspot\share\interpreter\linkResolver.cpp, line 759]
Event: 0.228 Thread 0x000001103d62f620 Exception <a 'java/lang/ClassNotFoundException'{0x000000008c763ad8}: com/sun/swing/internal/plaf/metal/resources/spi/metalProvider> (0x000000008c763ad8) 
thrown [s\open\src\hotspot\share\classfile\systemDictionary.cpp, line 256]
Event: 0.228 Thread 0x000001103d62f620 Exception <a 'java/lang/ClassNotFoundException'{0x000000008c7679b0}: com/sun/swing/internal/plaf/basic/resources/spi/basicProvider> (0x000000008c7679b0) 
thrown [s\open\src\hotspot\share\classfile\systemDictionary.cpp, line 256]
Event: 0.275 Thread 0x000001103d62f620 Exception <a 'java/io/FileNotFoundException'{0x000000008c7dbcf8}> (0x000000008c7dbcf8) 
thrown [s\open\src\hotspot\share\prims\jni.cpp, line 516]
Event: 0.280 Thread 0x000001103d634680 Exception <a 'java/lang/NoSuchMethodError'{0x000000008c985c90}: 'void java.lang.invoke.DirectMethodHandle$Holder.invokeVirtual(java.lang.Object, java.lang.Object)'> (0x000000008c985c90) 
thrown [s\open\src\hotspot\share\interpreter\linkResolver.cpp, line 759]
Event: 0.293 Thread 0x000001103d62f620 Exception <a 'java/lang/NoSuchMethodError'{0x000000008c7feda0}: 'void java.lang.invoke.DirectMethodHandle$Holder.invokeStaticInit(java.lang.Object)'> (0x000000008c7feda0) 
thrown [s\open\src\hotspot\share\interpreter\linkResolver.cpp, line 759]

VM Operations (20 events):
Event: 18.584 Executing VM operation: Cleanup
Event: 18.585 Executing VM operation: Cleanup done
Event: 20.602 Executing VM operation: Cleanup
Event: 20.602 Executing VM operation: Cleanup done
Event: 25.649 Executing VM operation: Cleanup
Event: 25.649 Executing VM operation: Cleanup done
Event: 30.693 Executing VM operation: Cleanup
Event: 30.693 Executing VM operation: Cleanup done
Event: 31.704 Executing VM operation: Cleanup
Event: 31.705 Executing VM operation: Cleanup done
Event: 32.716 Executing VM operation: Cleanup
Event: 32.717 Executing VM operation: Cleanup done
Event: 33.729 Executing VM operation: Cleanup
Event: 33.729 Executing VM operation: Cleanup done
Event: 36.759 Executing VM operation: Cleanup
Event: 36.759 Executing VM operation: Cleanup done
Event: 37.773 Executing VM operation: Cleanup
Event: 37.773 Executing VM operation: Cleanup done
Event: 39.793 Executing VM operation: Cleanup
Event: 39.793 Executing VM operation: Cleanup done

Events (20 events):
Event: 4.272 loading class java/awt/event/MouseWheelEvent
Event: 4.272 loading class java/awt/event/MouseWheelEvent done
Event: 4.278 loading class java/awt/LightweightDispatcher$2
Event: 4.278 loading class java/awt/LightweightDispatcher$2 done
Event: 31.103 loading class sun/awt/DebugSettings
Event: 31.104 loading class sun/awt/DebugSettings done
Event: 31.104 loading class javax/swing/JComponent$KeyboardState
Event: 31.105 loading class javax/swing/JComponent$KeyboardState done
Event: 31.105 loading class javax/swing/JComponent$IntVector
Event: 31.105 loading class javax/swing/JComponent$IntVector done
Event: 31.105 loading class javax/swing/JInternalFrame
Event: 31.106 loading class javax/swing/JInternalFrame done
Event: 31.106 loading class javax/swing/KeyboardManager
Event: 31.106 loading class javax/swing/KeyboardManager done
Event: 31.106 loading class javax/swing/Popup$HeavyWeightWindow
Event: 31.106 loading class sun/awt/ModalExclude
Event: 31.106 loading class sun/awt/ModalExclude done
Event: 31.106 loading class javax/swing/JWindow
Event: 31.107 loading class javax/swing/JWindow done
Event: 31.107 loading class javax/swing/Popup$HeavyWeightWindow done


Dynamic libraries:
0x00007ff7165f0000 - 0x00007ff716600000 	C:\Program Files\Java\jdk-17\bin\java.exe
0x00007ffadc220000 - 0x00007ffadc483000 	C:\WINDOWS\SYSTEM32\ntdll.dll
0x00007ffadb140000 - 0x00007ffadb208000 	C:\WINDOWS\System32\KERNEL32.DLL
0x00007ffad9970000 - 0x00007ffad9d22000 	C:\WINDOWS\System32\KERNELBASE.dll
0x00007ffad96d0000 - 0x00007ffad981b000 	C:\WINDOWS\System32\ucrtbase.dll
0x00007ffad30c0000 - 0x00007ffad30db000 	C:\Program Files\Java\jdk-17\bin\VCRUNTIME140.dll
0x00007ffad3020000 - 0x00007ffad3039000 	C:\Program Files\Java\jdk-17\bin\jli.dll
0x00007ffadbce0000 - 0x00007ffadbd94000 	C:\WINDOWS\System32\ADVAPI32.dll
0x00007ffadbe50000 - 0x00007ffadbef9000 	C:\WINDOWS\System32\msvcrt.dll
0x00007ffadb440000 - 0x00007ffadb4e6000 	C:\WINDOWS\System32\sechost.dll
0x00007ffadbf00000 - 0x00007ffadc016000 	C:\WINDOWS\System32\RPCRT4.dll
0x00007ffadba30000 - 0x00007ffadbbf8000 	C:\WINDOWS\System32\USER32.dll
0x00007ffad96a0000 - 0x00007ffad96c7000 	C:\WINDOWS\System32\win32u.dll
0x00007ffab8e00000 - 0x00007ffab9090000 	C:\WINDOWS\WinSxS\amd64_microsoft.windows.common-controls_6595b64144ccf1df_6.0.26100.2454_none_3e0b68a2e331ad60\COMCTL32.dll
0x00007ffadbe20000 - 0x00007ffadbe4a000 	C:\WINDOWS\System32\GDI32.dll
0x00007ffad9f50000 - 0x00007ffada07b000 	C:\WINDOWS\System32\gdi32full.dll
0x00007ffad95f0000 - 0x00007ffad9693000 	C:\WINDOWS\System32\msvcp_win.dll
0x00007ffac0cd0000 - 0x00007ffac0cdb000 	C:\WINDOWS\SYSTEM32\VERSION.dll
0x00007ffada090000 - 0x00007ffada0bf000 	C:\WINDOWS\System32\IMM32.DLL
0x00007ffad10a0000 - 0x00007ffad10ac000 	C:\Program Files\Java\jdk-17\bin\vcruntime140_1.dll
0x00007ffa9fb30000 - 0x00007ffa9fbbe000 	C:\Program Files\Java\jdk-17\bin\msvcp140.dll
0x00007ffa8e460000 - 0x00007ffa8f040000 	C:\Program Files\Java\jdk-17\bin\server\jvm.dll
0x00007ffadb4f0000 - 0x00007ffadb4f8000 	C:\WINDOWS\System32\PSAPI.DLL
0x00007ffad1150000 - 0x00007ffad115a000 	C:\WINDOWS\SYSTEM32\WSOCK32.dll
0x00007ffacb120000 - 0x00007ffacb156000 	C:\WINDOWS\SYSTEM32\WINMM.dll
0x00007ffada840000 - 0x00007ffada8b4000 	C:\WINDOWS\System32\WS2_32.dll
0x00007ffad8430000 - 0x00007ffad844a000 	C:\WINDOWS\SYSTEM32\kernel.appcore.dll
0x00007ffad1090000 - 0x00007ffad109a000 	C:\Program Files\Java\jdk-17\bin\jimage.dll
0x00007ffad6ed0000 - 0x00007ffad7111000 	C:\WINDOWS\SYSTEM32\DBGHELP.DLL
0x00007ffadb6a0000 - 0x00007ffadba1e000 	C:\WINDOWS\System32\combase.dll
0x00007ffadbc00000 - 0x00007ffadbcd6000 	C:\WINDOWS\System32\OLEAUT32.dll
0x00007ffaa5a50000 - 0x00007ffaa5a89000 	C:\WINDOWS\SYSTEM32\dbgcore.DLL
0x00007ffad9d30000 - 0x00007ffad9dc9000 	C:\WINDOWS\System32\bcryptPrimitives.dll
0x00007ffaaf290000 - 0x00007ffaaf2b5000 	C:\Program Files\Java\jdk-17\bin\java.dll
0x00007ffa9cad0000 - 0x00007ffa9cba7000 	C:\Program Files\Java\jdk-17\bin\jsvml.dll
0x00007ffada0e0000 - 0x00007ffada7e0000 	C:\WINDOWS\System32\SHELL32.dll
0x00007ffad72e0000 - 0x00007ffad7b11000 	C:\WINDOWS\SYSTEM32\windows.storage.dll
0x00007ffadc020000 - 0x00007ffadc0fa000 	C:\WINDOWS\System32\SHCORE.dll
0x00007ffadc180000 - 0x00007ffadc1dd000 	C:\WINDOWS\System32\shlwapi.dll
0x00007ffad9500000 - 0x00007ffad952e000 	C:\WINDOWS\SYSTEM32\profapi.dll
0x00007ffa7ebc0000 - 0x00007ffa7ed51000 	C:\Program Files\Java\jdk-17\bin\awt.dll
0x00007ffad3c80000 - 0x00007ffad3d1c000 	C:\WINDOWS\SYSTEM32\apphelp.dll
0x00007ffad6400000 - 0x00007ffad64ad000 	C:\WINDOWS\system32\uxtheme.dll
0x00007ffadafb0000 - 0x00007ffadb10c000 	C:\WINDOWS\System32\MSCTF.dll
0x00007ffadb2a0000 - 0x00007ffadb439000 	C:\WINDOWS\System32\ole32.dll
0x00007ffad6720000 - 0x00007ffad674e000 	C:\WINDOWS\system32\DWMAPI.DLL
0x00007ffabd350000 - 0x00007ffabd45c000 	C:\WINDOWS\system32\opengl32.dll
0x00007ffad3060000 - 0x00007ffad308d000 	C:\WINDOWS\SYSTEM32\GLU32.dll
0x00007ffad6770000 - 0x00007ffad67b7000 	C:\WINDOWS\SYSTEM32\dxcore.dll
0x00007ffa9d070000 - 0x00007ffa9d0f7000 	C:\Program Files\Java\jdk-17\bin\freetype.dll
0x00007ffa96ee0000 - 0x00007ffa96fc1000 	C:\Program Files\Java\jdk-17\bin\fontmanager.dll
0x00007ffadb5f0000 - 0x00007ffadb698000 	C:\WINDOWS\System32\clbcatq.dll
0x00007ffad5e00000 - 0x00007ffad602e000 	C:\WINDOWS\SYSTEM32\WindowsCodecs.dll
0x00007ffaaf7d0000 - 0x00007ffaaf82a000 	C:\WINDOWS\system32\dataexchange.dll
0x00007ffad41c0000 - 0x00007ffad43f7000 	C:\WINDOWS\system32\twinapi.appcore.dll
0x00007ffabcfb0000 - 0x00007ffabcfc9000 	C:\Program Files\Java\jdk-17\bin\net.dll
0x00007ffad4090000 - 0x00007ffad41b6000 	C:\WINDOWS\SYSTEM32\WINHTTP.dll
0x00007ffad8930000 - 0x00007ffad8998000 	C:\WINDOWS\system32\mswsock.dll
0x00007ffab4020000 - 0x00007ffab4036000 	C:\Program Files\Java\jdk-17\bin\nio.dll
0x00007ffac2f90000 - 0x00007ffac30d6000 	C:\WINDOWS\SYSTEM32\textinputframework.dll
0x00007ffad3540000 - 0x00007ffad3665000 	C:\WINDOWS\SYSTEM32\CoreMessaging.dll
0x00007ffacd5d0000 - 0x00007ffacd8b3000 	C:\WINDOWS\SYSTEM32\CoreUIComponents.dll
0x00007ffad4ab0000 - 0x00007ffad4c18000 	C:\WINDOWS\SYSTEM32\wintypes.dll
0x00007ffad8bf0000 - 0x00007ffad8bfc000 	C:\WINDOWS\SYSTEM32\CRYPTBASE.DLL

dbghelp: loaded successfully - version: 4.0.5 - missing functions: none
symbol engine: initialized successfully - sym options: 0x614 - pdb path: .;C:\Program Files\Java\jdk-17\bin;C:\WINDOWS\SYSTEM32;C:\WINDOWS\WinSxS\amd64_microsoft.windows.common-controls_6595b64144ccf1df_6.0.26100.2454_none_3e0b68a2e331ad60;C:\Program Files\Java\jdk-17\bin\server

VM Arguments:
jvm_args: -Dfile.encoding=UTF-8 
java_command: MainFrame
java_class_path (initial): C:\Users\mayar\Documents\NetBeansProjects\ATV4UC9_BloodPressureApp\build\classes
Launcher Type: SUN_STANDARD

[Global flags]
     intx CICompilerCount                          = 4                                         {product} {ergonomic}
     uint ConcGCThreads                            = 2                                         {product} {ergonomic}
     uint G1ConcRefinementThreads                  = 8                                         {product} {ergonomic}
   size_t G1HeapRegionSize                         = 1048576                                   {product} {ergonomic}
    uintx GCDrainStackTargetSize                   = 64                                        {product} {ergonomic}
   size_t InitialHeapSize                          = 130023424                                 {product} {ergonomic}
   size_t MarkStackSize                            = 4194304                                   {product} {ergonomic}
   size_t MaxHeapSize                              = 2063597568                                {product} {ergonomic}
   size_t MaxNewSize                               = 1237319680                                {product} {ergonomic}
   size_t MinHeapDeltaBytes                        = 1048576                                   {product} {ergonomic}
   size_t MinHeapSize                              = 8388608                                   {product} {ergonomic}
    uintx NonNMethodCodeHeapSize                   = 5839372                                {pd product} {ergonomic}
    uintx NonProfiledCodeHeapSize                  = 122909434                              {pd product} {ergonomic}
    uintx ProfiledCodeHeapSize                     = 122909434                              {pd product} {ergonomic}
    uintx ReservedCodeCacheSize                    = 251658240                              {pd product} {ergonomic}
     bool SegmentedCodeCache                       = true                                      {product} {ergonomic}
   size_t SoftMaxHeapSize                          = 2063597568                             {manageable} {ergonomic}
     bool UseCompressedClassPointers               = true                           {product lp64_product} {ergonomic}
     bool UseCompressedOops                        = true                           {product lp64_product} {ergonomic}
     bool UseG1GC                                  = true                                      {product} {ergonomic}
     bool UseLargePagesIndividualAllocation        = false                                  {pd product} {ergonomic}

Logging:
Log output configuration:
 #0: stdout all=warning uptime,level,tags
 #1: stderr all=off uptime,level,tags

Environment Variables:
JAVA_HOME=C:\Program Files\Java\jdk-17.0.2
PATH=C:\WINDOWS\system32;C:\WINDOWS;C:\WINDOWS\System32\Wbem;C:\WINDOWS\System32\WindowsPowerShell\v1.0\;C:\WINDOWS\System32\OpenSSH\;C:\ProgramData\UNIVALI\Portugol Studio;C:\Program Files\Java\jdk-21\bin;C:\Users\mayar\AppData\Local\Microsoft\WindowsApps;C:\Program Files\Java\jdk-21\bin;
USERNAME=mayar
OS=Windows_NT
PROCESSOR_IDENTIFIER=Intel64 Family 6 Model 190 Stepping 0, GenuineIntel



---------------  S Y S T E M  ---------------

OS:
 Windows 11 , 64 bit Build 26100 (10.0.26100.2454)
OS uptime: 5 days 17:33 hours
Hyper-V role detected

CPU: total 8 (initial active 8) (8 cores per cpu, 1 threads per core) family 6 model 190 stepping 0 microcode 0xe, cx8, cmov, fxsr, mmx, 3dnowpref, sse, sse2, sse3, ssse3, sse4.1, sse4.2, popcnt, lzcnt, tsc, tscinvbit, avx, avx2, aes, erms, clmul, bmi1, bmi2, adx, sha, fma, vzeroupper, clflush, clflushopt, clwb, hv

Memory: 4k page, system-wide physical 7865M (1733M free)
TotalPageFile size 7865M (AvailPageFile size 2M)
current process WorkingSet (physical memory assigned to process): 68M, peak: 68M
current process commit charge ("private bytes"): 222M, peak: 222M

vm_info: Java HotSpot(TM) 64-Bit Server VM (17.0.11+7-LTS-207) for windows-amd64 JRE (17.0.11+7-LTS-207), built on Mar 11 2024 19:01:50 by "mach5one" with MS VC++ 17.6 (VS2022)

END.
